c:\users\nohc2\onedrive\바탕 화면\workroom\dev\중요프로젝트\all_utillity\all_utillity\x64\release\vc143.pdb
c:\users\nohc2\onedrive\바탕 화면\workroom\dev\중요프로젝트\all_utillity\all_utillity\x64\release\codedependencymaker.obj
c:\users\nohc2\onedrive\바탕 화면\workroom\dev\중요프로젝트\all_utillity\all_utillity\x64asm.obj
c:\users\nohc2\onedrive\바탕 화면\workroom\dev\중요프로젝트\all_utillity\x64\release\all_utillity.exe
c:\users\nohc2\onedrive\바탕 화면\workroom\dev\중요프로젝트\all_utillity\x64\release\all_utillity.pdb
c:\users\nohc2\onedrive\바탕 화면\workroom\dev\중요프로젝트\all_utillity\all_utillity\x64\release\all_utillity.ipdb
c:\users\nohc2\onedrive\바탕 화면\workroom\dev\중요프로젝트\all_utillity\all_utillity\x64\release\all_utillity.iobj
c:\users\nohc2\onedrive\바탕 화면\workroom\dev\중요프로젝트\all_utillity\all_utillity\x64\release\fmtest.obj
c:\users\nohc2\onedrive\바탕 화면\workroom\dev\중요프로젝트\all_utillity\all_utillity\x64\release\wavetest.obj
c:\users\nohc2\onedrive\바탕 화면\workroom\dev\중요프로젝트\all_utillity\all_utillity\x64\release\all_utillity.tlog\cl.command.1.tlog
c:\users\nohc2\onedrive\바탕 화면\workroom\dev\중요프로젝트\all_utillity\all_utillity\x64\release\all_utillity.tlog\cl.items.tlog
c:\users\nohc2\onedrive\바탕 화면\workroom\dev\중요프로젝트\all_utillity\all_utillity\x64\release\all_utillity.tlog\cl.read.1.tlog
c:\users\nohc2\onedrive\바탕 화면\workroom\dev\중요프로젝트\all_utillity\all_utillity\x64\release\all_utillity.tlog\cl.write.1.tlog
c:\users\nohc2\onedrive\바탕 화면\workroom\dev\중요프로젝트\all_utillity\all_utillity\x64\release\all_utillity.tlog\custombuild.command.1.tlog
c:\users\nohc2\onedrive\바탕 화면\workroom\dev\중요프로젝트\all_utillity\all_utillity\x64\release\all_utillity.tlog\custombuild.read.1.tlog
c:\users\nohc2\onedrive\바탕 화면\workroom\dev\중요프로젝트\all_utillity\all_utillity\x64\release\all_utillity.tlog\custombuild.write.1.tlog
c:\users\nohc2\onedrive\바탕 화면\workroom\dev\중요프로젝트\all_utillity\all_utillity\x64\release\all_utillity.tlog\link.command.1.tlog
c:\users\nohc2\onedrive\바탕 화면\workroom\dev\중요프로젝트\all_utillity\all_utillity\x64\release\all_utillity.tlog\link.read.1.tlog
c:\users\nohc2\onedrive\바탕 화면\workroom\dev\중요프로젝트\all_utillity\all_utillity\x64\release\all_utillity.tlog\link.secondary.1.tlog
c:\users\nohc2\onedrive\바탕 화면\workroom\dev\중요프로젝트\all_utillity\all_utillity\x64\release\all_utillity.tlog\link.write.1.tlog
