  CodeDependencyMaker.cpp
C:\Program Files\NVIDIA GPU Computing Toolkit\CUDA\v12.6\include\driver_types.h(1334,1): warning C4819: 현재 코드 페이지(949)에서 표시할 수 없는 문자가 파일에 들어 있습니다. 데이터가 손실되지 않게 하려면 해당 파일을 유니코드 형식으로 저장하십시오.
  (소스 파일 'CodeDependencyMaker.cpp'을(를) 컴파일하는 중)
  
C:\Program Files\NVIDIA GPU Computing Toolkit\CUDA\v12.6\include\driver_types.h(1334,1): warning C4819: 현재 코드 페이지(949)에서 표시할 수 없는 문자가 파일에 들어 있습니다. 데이터가 손실되지 않게 하려면 해당 파일을 유니코드 형식으로 저장하십시오.
  (소스 파일 'CodeDependencyMaker.cpp'을(를) 컴파일하는 중)
  
C:\Program Files\NVIDIA GPU Computing Toolkit\CUDA\v12.6\include\driver_types.h(1334,1): warning C4819: 현재 코드 페이지(949)에서 표시할 수 없는 문자가 파일에 들어 있습니다. 데이터가 손실되지 않게 하려면 해당 파일을 유니코드 형식으로 저장하십시오.
  (소스 파일 'CodeDependencyMaker.cpp'을(를) 컴파일하는 중)
  
C:\Program Files\NVIDIA GPU Computing Toolkit\CUDA\v12.6\include\driver_types.h(1334,1): warning C4819: 현재 코드 페이지(949)에서 표시할 수 없는 문자가 파일에 들어 있습니다. 데이터가 손실되지 않게 하려면 해당 파일을 유니코드 형식으로 저장하십시오.
  (소스 파일 'CodeDependencyMaker.cpp'을(를) 컴파일하는 중)
  
C:\Program Files\NVIDIA GPU Computing Toolkit\CUDA\v12.6\include\cuda_runtime_api.h(12392,1): warning C4819: 현재 코드 페이지(949)에서 표시할 수 없는 문자가 파일에 들어 있습니다. 데이터가 손실되지 않게 하려면 해당 파일을 유니코드 형식으로 저장하십시오.
  (소스 파일 'CodeDependencyMaker.cpp'을(를) 컴파일하는 중)
  
C:\Program Files\NVIDIA GPU Computing Toolkit\CUDA\v12.6\include\cuda_runtime_api.h(12392,1): warning C4819: 현재 코드 페이지(949)에서 표시할 수 없는 문자가 파일에 들어 있습니다. 데이터가 손실되지 않게 하려면 해당 파일을 유니코드 형식으로 저장하십시오.
  (소스 파일 'CodeDependencyMaker.cpp'을(를) 컴파일하는 중)
  
C:\Program Files\NVIDIA GPU Computing Toolkit\CUDA\v12.6\include\driver_types.h(1334,1): warning C4819: 현재 코드 페이지(949)에서 표시할 수 없는 문자가 파일에 들어 있습니다. 데이터가 손실되지 않게 하려면 해당 파일을 유니코드 형식으로 저장하십시오.
  (소스 파일 'CodeDependencyMaker.cpp'을(를) 컴파일하는 중)
  
C:\Program Files\NVIDIA GPU Computing Toolkit\CUDA\v12.6\include\driver_types.h(1334,1): warning C4819: 현재 코드 페이지(949)에서 표시할 수 없는 문자가 파일에 들어 있습니다. 데이터가 손실되지 않게 하려면 해당 파일을 유니코드 형식으로 저장하십시오.
  (소스 파일 'CodeDependencyMaker.cpp'을(를) 컴파일하는 중)
  
C:\Program Files\NVIDIA GPU Computing Toolkit\CUDA\v12.6\include\cuda_runtime_api.h(12392,1): warning C4819: 현재 코드 페이지(949)에서 표시할 수 없는 문자가 파일에 들어 있습니다. 데이터가 손실되지 않게 하려면 해당 파일을 유니코드 형식으로 저장하십시오.
  (소스 파일 'CodeDependencyMaker.cpp'을(를) 컴파일하는 중)
  
C:\Program Files\NVIDIA GPU Computing Toolkit\CUDA\v12.6\include\cuda_runtime_api.h(12392,1): warning C4819: 현재 코드 페이지(949)에서 표시할 수 없는 문자가 파일에 들어 있습니다. 데이터가 손실되지 않게 하려면 해당 파일을 유니코드 형식으로 저장하십시오.
  (소스 파일 'CodeDependencyMaker.cpp'을(를) 컴파일하는 중)
  
     C:\Users\nohc2\OneDrive\Desktop\WorkRoom\Dev\MainProjects\ALL_Utillity\x64\Release\ALL_Utillity.lib 라이브러리 및 C:\Users\nohc2\OneDrive\Desktop\WorkRoom\Dev\MainProjects\ALL_Utillity\x64\Release\ALL_Utillity.exp 개체를 생성하고 있습니다.
LINK : warning LNK4098: 'LIBCMT' defaultlib가 다른 라이브러리와 충돌합니다. /NODEFAULTLIB:library를 사용하십시오.
  코드를 생성하고 있습니다.
  2 of 278 functions ( 0.7%) were compiled, the rest were copied from previous compilation.
    1 functions were new in current compilation
    3 functions had inline decision re-evaluated but remain unchanged
  코드를 생성했습니다.
  ALL_Utillity.vcxproj -> C:\Users\nohc2\OneDrive\Desktop\WorkRoom\Dev\MainProjects\ALL_Utillity\x64\Release\ALL_Utillity.exe
